# JRE version: Java(TM) SE Runtime Environment 18.9 (11.0.10+8) (build 11.0.10+8-LTS-162)
# Java VM: Java HotSpot(TM) 64-Bit Server VM 18.9 (11.0.10+8-LTS-162, mixed mode, tiered, compressed oops, g1 gc, windows-amd64)
Heap:
 garbage-first heap   total 129024K, used 9349K [0x0000000082200000, 0x0000000100000000)
  region size 1024K, 3 young (3072K), 3 survivors (3072K)
 Metaspace       used 20477K, capacity 21153K, committed 21296K, reserved 1071104K
  class space    used 2358K, capacity 2638K, committed 2688K, reserved 1048576K
GC Heap History (6 events):
Event: 1.420 GC heap before
{Heap before GC invocations=0 (full 0):
 garbage-first heap   total 129024K, used 23552K [0x0000000082200000, 0x0000000100000000)
  region size 1024K, 24 young (24576K), 0 survivors (0K)
 Metaspace       used 13229K, capacity 13617K, committed 13824K, reserved 1060864K
  class space    used 1365K, capacity 1475K, committed 1536K, reserved 1048576K
}
Event: 1.427 GC heap after
{Heap after GC invocations=1 (full 0):
 garbage-first heap   total 129024K, used 7008K [0x0000000082200000, 0x0000000100000000)
  region size 1024K, 3 young (3072K), 3 survivors (3072K)
 Metaspace       used 13229K, capacity 13617K, committed 13824K, reserved 1060864K
  class space    used 1365K, capacity 1475K, committed 1536K, reserved 1048576K
}
Event: 2.195 GC heap before
{Heap before GC invocations=1 (full 0):
 garbage-first heap   total 129024K, used 29536K [0x0000000082200000, 0x0000000100000000)
  region size 1024K, 25 young (25600K), 3 survivors (3072K)
 Metaspace       used 16898K, capacity 17358K, committed 17664K, reserved 1064960K
  class space    used 1834K, capacity 1990K, committed 2048K, reserved 1048576K
}
Event: 2.201 GC heap after
{Heap after GC invocations=2 (full 0):
 garbage-first heap   total 129024K, used 8378K [0x0000000082200000, 0x0000000100000000)
  region size 1024K, 2 young (2048K), 2 survivors (2048K)
 Metaspace       used 16898K, capacity 17358K, committed 17664K, reserved 1064960K
  class space    used 1834K, capacity 1990K, committed 2048K, reserved 1048576K
}
Event: 2.832 GC heap before
{Heap before GC invocations=2 (full 0):
 garbage-first heap   total 129024K, used 32954K [0x0000000082200000, 0x0000000100000000)
  region size 1024K, 27 young (27648K), 2 survivors (2048K)
 Metaspace       used 20477K, capacity 21153K, committed 21296K, reserved 1069056K
  class space    used 2358K, capacity 2638K, committed 2688K, reserved 1048576K
}
Event: 2.836 GC heap after
{Heap after GC invocations=3 (full 0):
 garbage-first heap   total 129024K, used 9349K [0x0000000082200000, 0x0000000100000000)
  region size 1024K, 3 young (3072K), 3 survivors (3072K)
 Metaspace       used 20477K, capacity 21153K, committed 21296K, reserved 1069056K
  class space    used 2358K, capacity 2638K, committed 2688K, reserved 1048576K
}

